<?xml version="1.0" encoding="UTF-8"?>
<!-- Generated by org.testng.reporters.JUnitXMLReporter -->
<testsuite ignored="8" hostname="LAPTOP-VD99SRCL" failures="0" tests="17" name="Test" time="58.19" errors="0" timestamp="2023-07-24T17:45:04 IST">
  <testcase classname="com.Demo_Project.Scripts.LoginTest" name="verifySigninInvalidUserInvalidpass" time="1.937"/>
  <testcase classname="com.Demo_Project.Scripts.LoginTest" name="verifySigninInvalidUserValidpass" time="1.849"/>
  <testcase classname="com.Demo_Project.Scripts.LoginTest" name="verifySigninValidUserInvalidpass" time="1.762"/>
  <testcase classname="com.Demo_Project.Scripts.LoginTest" name="verifySigninValidUserValidpass" time="5.877"/>
  <testcase classname="com.Demo_Project.Scripts.ProductsTest" name="clickendTour" time="0.538"/>
  <testcase classname="com.Demo_Project.Scripts.ProductsTest" name="verifyProducts" time="2.489"/>
  <testcase classname="com.Demo_Project.Scripts.ProductsTest" name="selectProductType" time="0.417"/>
  <testcase classname="com.Demo_Project.Scripts.ProductsTest" name="verifySearch" time="2.576"/>
  <testcase classname="com.Demo_Project.Scripts.ProductsTest" name="verifyAddproduct" time="6.937"/>
  <testcase classname="com.Demo_Project.Scripts.ProductsTest" name="verifyImageUpload" time="3.574"/>
  <testcase classname="com.Demo_Project.Scripts.ProductsTest" name="verifyBrands" time="2.499"/>
  <testcase classname="com.Demo_Project.Scripts.ProductsTest" name="verifyAddDetails" time="0.532"/>
  <testcase classname="com.Demo_Project.Scripts.ProductsTest" name="verifySaveDetails" time="0.203"/>
  <testcase classname="com.Demo_Project.Scripts.PurchaseTest" name="verifyNagivatetoPurchasePage" time="0.637">
    <skipped/>
  </testcase> <!-- verifyNagivatetoPurchasePage -->
  <testcase classname="com.Demo_Project.Scripts.PurchaseTest" name="verifyNagivatetoPurchasePage" time="3.004"/>
  <testcase classname="com.Demo_Project.Scripts.PurchaseTest" name="verifyElementTable" time="0.663"/>
  <testcase classname="com.Demo_Project.Scripts.SettingsTest" name="verifyCheckSettings" time="3.159"/>
  <testcase classname="com.Demo_Project.Base.DemoTestBase" name="@BeforeTest beforeTest" time="0.0">
    <ignored/>
  </testcase> <!-- @BeforeTest beforeTest -->
  <testcase classname="com.Demo_Project.Base.DemoTestBase" name="@AfterTest afterTest" time="0.0">
    <ignored/>
  </testcase> <!-- @AfterTest afterTest -->
  <testcase classname="com.Demo_Project.Base.DemoTestBase" name="@AfterTest afterTest" time="0.0">
    <ignored/>
  </testcase> <!-- @AfterTest afterTest -->
  <testcase classname="com.Demo_Project.Base.DemoTestBase" name="@BeforeTest beforeTest" time="0.0">
    <ignored/>
  </testcase> <!-- @BeforeTest beforeTest -->
  <testcase classname="com.Demo_Project.Base.DemoTestBase" name="@AfterTest afterTest" time="0.0">
    <ignored/>
  </testcase> <!-- @AfterTest afterTest -->
  <testcase classname="com.Demo_Project.Base.DemoTestBase" name="@BeforeTest beforeTest" time="0.0">
    <ignored/>
  </testcase> <!-- @BeforeTest beforeTest -->
  <testcase classname="com.Demo_Project.Base.DemoTestBase" name="@BeforeTest beforeTest" time="0.0">
    <ignored/>
  </testcase> <!-- @BeforeTest beforeTest -->
  <testcase classname="com.Demo_Project.Base.DemoTestBase" name="@AfterTest afterTest" time="0.0">
    <ignored/>
  </testcase> <!-- @AfterTest afterTest -->
</testsuite> <!-- Test -->
