<?xml version="1.0" encoding="UTF-8"?>
<!-- Generated by org.testng.reporters.JUnitXMLReporter -->
<testsuite ignored="8" hostname="LAPTOP-VD99SRCL" failures="0" tests="18" name="Test1" time="46.323" errors="0" timestamp="2023-07-20T23:27:19 IST">
  <testcase classname="com.Demo_Project.Scripts.LoginTest" name="verifySigninInvalidUserInvalidpass" time="1.838"/>
  <testcase classname="com.Demo_Project.Scripts.LoginTest" name="verifySigninInvalidUserValidpass" time="1.605"/>
  <testcase classname="com.Demo_Project.Scripts.LoginTest" name="verifySigninValidUserInvalidpass" time="1.594"/>
  <testcase classname="com.Demo_Project.Scripts.LoginTest" name="verifySigninValidUserValidpass" time="3.156"/>
  <testcase classname="com.Demo_Project.Scripts.ProductsTest" name="clickendTour" time="0.575"/>
  <testcase classname="com.Demo_Project.Scripts.ProductsTest" name="verifyProducts" time="2.671"/>
  <testcase classname="com.Demo_Project.Scripts.ProductsTest" name="selectProductType" time="0.339"/>
  <testcase classname="com.Demo_Project.Scripts.ProductsTest" name="verifySearch" time="1.959"/>
  <testcase classname="com.Demo_Project.Scripts.ProductsTest" name="verifyAddproduct" time="4.969"/>
  <testcase classname="com.Demo_Project.Scripts.ProductsTest" name="verifyImageUpload" time="3.498"/>
  <testcase classname="com.Demo_Project.Scripts.ProductsTest" name="verifyBrands" time="2.486"/>
  <testcase classname="com.Demo_Project.Scripts.ProductsTest" name="verifyAddDetails" time="0.447"/>
  <testcase classname="com.Demo_Project.Scripts.ProductsTest" name="verifySaveDetails" time="0.169"/>
  <testcase classname="com.Demo_Project.Scripts.PurchaseTest" name="verifyPurchase" time="0.764">
    <skipped/>
  </testcase> <!-- verifyPurchase -->
  <testcase classname="com.Demo_Project.Scripts.PurchaseTest" name="verifyPurchase" time="1.263">
    <skipped/>
  </testcase> <!-- verifyPurchase -->
  <testcase classname="com.Demo_Project.Scripts.PurchaseTest" name="verifyPurchase" time="1.869"/>
  <testcase classname="com.Demo_Project.Scripts.PurchaseTest" name="verifyElementTable" time="0.64"/>
  <testcase classname="com.Demo_Project.Scripts.SettingsTest" name="verifyCheckSettings" time="2.499"/>
  <testcase classname="com.Demo_Project.Base.DemoTestBase" name="@AfterTest afterTest" time="0.0">
    <ignored/>
  </testcase> <!-- @AfterTest afterTest -->
  <testcase classname="com.Demo_Project.Base.DemoTestBase" name="@AfterTest afterTest" time="0.0">
    <ignored/>
  </testcase> <!-- @AfterTest afterTest -->
  <testcase classname="com.Demo_Project.Base.DemoTestBase" name="@BeforeTest beforeTest" time="0.0">
    <ignored/>
  </testcase> <!-- @BeforeTest beforeTest -->
  <testcase classname="com.Demo_Project.Base.DemoTestBase" name="@BeforeTest beforeTest" time="0.0">
    <ignored/>
  </testcase> <!-- @BeforeTest beforeTest -->
  <testcase classname="com.Demo_Project.Base.DemoTestBase" name="@BeforeTest beforeTest" time="0.0">
    <ignored/>
  </testcase> <!-- @BeforeTest beforeTest -->
  <testcase classname="com.Demo_Project.Base.DemoTestBase" name="@BeforeTest beforeTest" time="0.0">
    <ignored/>
  </testcase> <!-- @BeforeTest beforeTest -->
  <testcase classname="com.Demo_Project.Base.DemoTestBase" name="@AfterTest afterTest" time="0.0">
    <ignored/>
  </testcase> <!-- @AfterTest afterTest -->
  <testcase classname="com.Demo_Project.Base.DemoTestBase" name="@AfterTest afterTest" time="0.0">
    <ignored/>
  </testcase> <!-- @AfterTest afterTest -->
</testsuite> <!-- Test1 -->
