<?xml version="1.0" encoding="UTF-8"?>
<!-- Generated by org.testng.reporters.JUnitXMLReporter -->
<testsuite ignored="8" hostname="LAPTOP-VD99SRCL" failures="0" tests="18" name="Test" time="52.307" errors="0" timestamp="2023-07-20T23:39:19 IST">
  <testcase classname="com.Demo_Project.Scripts.LoginTest" name="verifySigninInvalidUserInvalidpass" time="2.033"/>
  <testcase classname="com.Demo_Project.Scripts.LoginTest" name="verifySigninInvalidUserValidpass" time="1.566"/>
  <testcase classname="com.Demo_Project.Scripts.LoginTest" name="verifySigninValidUserInvalidpass" time="1.545"/>
  <testcase classname="com.Demo_Project.Scripts.LoginTest" name="verifySigninValidUserValidpass" time="3.292"/>
  <testcase classname="com.Demo_Project.Scripts.ProductsTest" name="clickendTour" time="0.68"/>
  <testcase classname="com.Demo_Project.Scripts.ProductsTest" name="verifyProducts" time="2.448"/>
  <testcase classname="com.Demo_Project.Scripts.ProductsTest" name="selectProductType" time="0.452"/>
  <testcase classname="com.Demo_Project.Scripts.ProductsTest" name="verifySearch" time="2.607"/>
  <testcase classname="com.Demo_Project.Scripts.ProductsTest" name="verifyAddproduct" time="5.032"/>
  <testcase classname="com.Demo_Project.Scripts.ProductsTest" name="verifyImageUpload" time="3.579"/>
  <testcase classname="com.Demo_Project.Scripts.ProductsTest" name="verifyBrands" time="2.415"/>
  <testcase classname="com.Demo_Project.Scripts.ProductsTest" name="verifyAddDetails" time="0.455"/>
  <testcase classname="com.Demo_Project.Scripts.ProductsTest" name="verifySaveDetails" time="0.169"/>
  <testcase classname="com.Demo_Project.Scripts.PurchaseTest" name="verifyPurchase" time="0.702">
    <skipped/>
  </testcase> <!-- verifyPurchase -->
  <testcase classname="com.Demo_Project.Scripts.PurchaseTest" name="verifyPurchase" time="1.299">
    <skipped/>
  </testcase> <!-- verifyPurchase -->
  <testcase classname="com.Demo_Project.Scripts.PurchaseTest" name="verifyPurchase" time="1.96"/>
  <testcase classname="com.Demo_Project.Scripts.PurchaseTest" name="verifyElementTable" time="0.665"/>
  <testcase classname="com.Demo_Project.Scripts.SettingsTest" name="verifyCheckSettings" time="2.57"/>
  <testcase classname="com.Demo_Project.Base.DemoTestBase" name="@AfterTest afterTest" time="0.0">
    <ignored/>
  </testcase> <!-- @AfterTest afterTest -->
  <testcase classname="com.Demo_Project.Base.DemoTestBase" name="@AfterTest afterTest" time="0.0">
    <ignored/>
  </testcase> <!-- @AfterTest afterTest -->
  <testcase classname="com.Demo_Project.Base.DemoTestBase" name="@BeforeTest beforeTest" time="0.0">
    <ignored/>
  </testcase> <!-- @BeforeTest beforeTest -->
  <testcase classname="com.Demo_Project.Base.DemoTestBase" name="@BeforeTest beforeTest" time="0.0">
    <ignored/>
  </testcase> <!-- @BeforeTest beforeTest -->
  <testcase classname="com.Demo_Project.Base.DemoTestBase" name="@BeforeTest beforeTest" time="0.0">
    <ignored/>
  </testcase> <!-- @BeforeTest beforeTest -->
  <testcase classname="com.Demo_Project.Base.DemoTestBase" name="@BeforeTest beforeTest" time="0.0">
    <ignored/>
  </testcase> <!-- @BeforeTest beforeTest -->
  <testcase classname="com.Demo_Project.Base.DemoTestBase" name="@AfterTest afterTest" time="0.0">
    <ignored/>
  </testcase> <!-- @AfterTest afterTest -->
  <testcase classname="com.Demo_Project.Base.DemoTestBase" name="@AfterTest afterTest" time="0.0">
    <ignored/>
  </testcase> <!-- @AfterTest afterTest -->
</testsuite> <!-- Test -->
