<?xml version="1.0" encoding="UTF-8"?>
<!-- Generated by org.testng.reporters.JUnitXMLReporter -->
<testsuite ignored="8" hostname="LAPTOP-VD99SRCL" failures="0" tests="18" name="Test2" time="67.797" errors="0" timestamp="2023-07-20T23:28:27 IST">
  <testcase classname="com.Demo_Project.Scripts.LoginTest" name="verifySigninInvalidUserInvalidpass" time="1.965"/>
  <testcase classname="com.Demo_Project.Scripts.LoginTest" name="verifySigninInvalidUserValidpass" time="1.686"/>
  <testcase classname="com.Demo_Project.Scripts.LoginTest" name="verifySigninValidUserInvalidpass" time="1.654"/>
  <testcase classname="com.Demo_Project.Scripts.LoginTest" name="verifySigninValidUserValidpass" time="3.184"/>
  <testcase classname="com.Demo_Project.Scripts.ProductsTest" name="clickendTour" time="0.911"/>
  <testcase classname="com.Demo_Project.Scripts.ProductsTest" name="verifyProducts" time="2.23"/>
  <testcase classname="com.Demo_Project.Scripts.ProductsTest" name="selectProductType" time="0.306"/>
  <testcase classname="com.Demo_Project.Scripts.ProductsTest" name="verifySearch" time="2.465"/>
  <testcase classname="com.Demo_Project.Scripts.ProductsTest" name="verifyAddproduct" time="4.363"/>
  <testcase classname="com.Demo_Project.Scripts.ProductsTest" name="verifyImageUpload" time="3.262"/>
  <testcase classname="com.Demo_Project.Scripts.ProductsTest" name="verifyBrands" time="2.899"/>
  <testcase classname="com.Demo_Project.Scripts.ProductsTest" name="verifyAddDetails" time="0.468"/>
  <testcase classname="com.Demo_Project.Scripts.ProductsTest" name="verifySaveDetails" time="0.197"/>
  <testcase classname="com.Demo_Project.Scripts.PurchaseTest" name="verifyPurchase" time="0.639">
    <skipped/>
  </testcase> <!-- verifyPurchase -->
  <testcase classname="com.Demo_Project.Scripts.PurchaseTest" name="verifyPurchase" time="1.278">
    <skipped/>
  </testcase> <!-- verifyPurchase -->
  <testcase classname="com.Demo_Project.Scripts.PurchaseTest" name="verifyPurchase" time="1.957"/>
  <testcase classname="com.Demo_Project.Scripts.PurchaseTest" name="verifyElementTable" time="0.656"/>
  <testcase classname="com.Demo_Project.Scripts.SettingsTest" name="verifyCheckSettings" time="2.562"/>
  <testcase classname="com.Demo_Project.Base.DemoTestBase" name="@AfterTest afterTest" time="0.0">
    <ignored/>
  </testcase> <!-- @AfterTest afterTest -->
  <testcase classname="com.Demo_Project.Base.DemoTestBase" name="@AfterTest afterTest" time="0.0">
    <ignored/>
  </testcase> <!-- @AfterTest afterTest -->
  <testcase classname="com.Demo_Project.Base.DemoTestBase" name="@BeforeTest beforeTest" time="0.0">
    <ignored/>
  </testcase> <!-- @BeforeTest beforeTest -->
  <testcase classname="com.Demo_Project.Base.DemoTestBase" name="@BeforeTest beforeTest" time="0.0">
    <ignored/>
  </testcase> <!-- @BeforeTest beforeTest -->
  <testcase classname="com.Demo_Project.Base.DemoTestBase" name="@AfterTest afterTest" time="0.0">
    <ignored/>
  </testcase> <!-- @AfterTest afterTest -->
  <testcase classname="com.Demo_Project.Base.DemoTestBase" name="@AfterTest afterTest" time="0.0">
    <ignored/>
  </testcase> <!-- @AfterTest afterTest -->
  <testcase classname="com.Demo_Project.Base.DemoTestBase" name="@BeforeTest beforeTest" time="0.0">
    <ignored/>
  </testcase> <!-- @BeforeTest beforeTest -->
  <testcase classname="com.Demo_Project.Base.DemoTestBase" name="@BeforeTest beforeTest" time="0.0">
    <ignored/>
  </testcase> <!-- @BeforeTest beforeTest -->
</testsuite> <!-- Test2 -->
